#
# There is insufficient memory for the Java Runtime Environment to continue.
# Native memory allocation (malloc) failed to allocate 1074736 bytes. Error detail: Chunk::new
# Possible reasons:
#   The system is out of physical RAM or swap space
#   This process is running with CompressedOops enabled, and the Java Heap may be blocking the growth of the native heap
# Possible solutions:
#   Reduce memory load on the system
#   Increase physical memory or swap space
#   Check if swap backing store is full
#   Decrease Java heap size (-Xmx/-Xms)
#   Decrease number of Java threads
#   Decrease Java thread stack sizes (-Xss)
#   Set larger code cache with -XX:ReservedCodeCacheSize=
#   JVM is running with Unscaled Compressed Oops mode in which the Java heap is
#     placed in the first 4GB address space. The Java Heap base address is the
#     maximum limit for the native heap growth. Please use -XX:HeapBaseMinAddress
#     to set the Java Heap base and to place the Java Heap above 4GB virtual address.
# This output file may be truncated or incomplete.
#
#  Out of Memory Error (arena.cpp:191), pid=26436, tid=14128
#
# JRE version: OpenJDK Runtime Environment Microsoft-12574423 (17.0.17+10) (build 17.0.17+10-LTS)
# Java VM: OpenJDK 64-Bit Server VM Microsoft-12574423 (17.0.17+10-LTS, mixed mode, sharing, tiered, compressed oops, compressed class ptrs, g1 gc, windows-amd64)
# No core dump will be written. Minidumps are not enabled by default on client versions of Windows
#

---------------  S U M M A R Y ------------

Command Line: --add-opens=java.base/java.lang=ALL-UNNAMED --add-opens=java.base/java.lang.invoke=ALL-UNNAMED --add-opens=java.base/java.util=ALL-UNNAMED --add-opens=java.prefs/java.util.prefs=ALL-UNNAMED --add-exports=jdk.compiler/com.sun.tools.javac.api=ALL-UNNAMED --add-exports=jdk.compiler/com.sun.tools.javac.util=ALL-UNNAMED --add-opens=java.base/java.util=ALL-UNNAMED --add-opens=java.prefs/java.util.prefs=ALL-UNNAMED --add-opens=java.base/java.nio.charset=ALL-UNNAMED --add-opens=java.base/java.net=ALL-UNNAMED --add-opens=java.base/java.util.concurrent=ALL-UNNAMED --add-opens=java.base/java.util.concurrent.atomic=ALL-UNNAMED --add-opens=java.xml/javax.xml.namespace=ALL-UNNAMED --add-opens=java.base/java.time=ALL-UNNAMED -Xmx2048m -Dfile.encoding=UTF-8 -Duser.country=US -Duser.language=en -Duser.variant -javaagent:C:\Users\samudu\.gradle\wrapper\dists\gradle-9.1.0-bin\9agqghryom9wkf8r80qlhnts3\gradle-9.1.0\lib\agents\gradle-instrumentation-agent-9.1.0.jar org.gradle.launcher.daemon.bootstrap.GradleDaemon 9.1.0

Host: Intel(R) Core(TM) i5-9300H CPU @ 2.40GHz, 8 cores, 7G,  Windows 11 , 64 bit Build 26100 (10.0.26100.7705)
Time: Sat Jan 31 20:24:01 2026 Sri Lanka Standard Time elapsed time: 22.433207 seconds (0d 0h 0m 22s)

---------------  T H R E A D  ---------------

Current thread (0x0000027c7f3fd760):  JavaThread "C2 CompilerThread0" daemon [_thread_in_native, id=14128, stack(0x000000d081b00000,0x000000d081c00000)]


Current CompileTask:
C2:22434 6768       4       org.jetbrains.kotlin.name.FqNameUnsafe::pathSegments$collectSegmentsOf (39 bytes)

Stack: [0x000000d081b00000,0x000000d081c00000]
Native frames: (J=compiled Java code, j=interpreted, Vv=VM code, C=native code)
V  [jvm.dll+0x68c459]  (no source info available)
V  [jvm.dll+0x845e09]  (no source info available)
V  [jvm.dll+0x847b78]  (no source info available)
V  [jvm.dll+0x848203]  (no source info available)
V  [jvm.dll+0x24cf6f]  (no source info available)
V  [jvm.dll+0xaecb6]  (no source info available)
V  [jvm.dll+0xaf35c]  (no source info available)
V  [jvm.dll+0x37152f]  (no source info available)
V  [jvm.dll+0x33b8d5]  (no source info available)
V  [jvm.dll+0x33ad3a]  (no source info available)
V  [jvm.dll+0x21df29]  (no source info available)
V  [jvm.dll+0x21d36d]  (no source info available)
V  [jvm.dll+0x1a8ce6]  (no source info available)
V  [jvm.dll+0x22db1b]  (no source info available)
V  [jvm.dll+0x22bca6]  (no source info available)
V  [jvm.dll+0x7fb65b]  (no source info available)
V  [jvm.dll+0x7f5a5c]  (no source info available)
V  [jvm.dll+0x68d9f7]  (no source info available)
C  [ucrtbase.dll+0x37b0]  (no source info available)
C  [KERNEL32.DLL+0x2e8d7]  (no source info available)
C  [ntdll.dll+0x8c40c]  (no source info available)


---------------  P R O C E S S  ---------------

Threads class SMR info:
_java_thread_list=0x0000027c4d485c70, length=37, elements={
0x0000027c6521d6b0, 0x0000027c7f3e4910, 0x0000027c7f3e5b80, 0x0000027c7f3f81a0,
0x0000027c7f3faa80, 0x0000027c7f3fbaf0, 0x0000027c7f3fc3c0, 0x0000027c7f3fd760,
0x0000027c7f403d50, 0x0000027c7f40d690, 0x0000027c7f3cadb0, 0x0000027c7f8fe660,
0x0000027c4a7501b0, 0x0000027c49017630, 0x0000027c4ae4cd30, 0x0000027c497a8150,
0x0000027c497a8a00, 0x0000027c4ae01150, 0x0000027c49f75530, 0x0000027c49f727a0,
0x0000027c49f75a40, 0x0000027c49f72cb0, 0x0000027c49f74600, 0x0000027c49f731c0,
0x0000027c49f736d0, 0x0000027c49f73be0, 0x0000027c49f74b10, 0x0000027c49f75020,
0x0000027c4b347e30, 0x0000027c4b346f00, 0x0000027c4b3464e0, 0x0000027c4b34abc0,
0x0000027c4b348340, 0x0000027c4b347410, 0x0000027c4b34a6b0, 0x0000027c4b349780,
0x0000027c4b93f830
}

Java Threads: ( => current thread )
  0x0000027c6521d6b0 JavaThread "main" [_thread_blocked, id=12568, stack(0x000000d080e00000,0x000000d080f00000)]
  0x0000027c7f3e4910 JavaThread "Reference Handler" daemon [_thread_blocked, id=25840, stack(0x000000d081500000,0x000000d081600000)]
  0x0000027c7f3e5b80 JavaThread "Finalizer" daemon [_thread_blocked, id=3308, stack(0x000000d081600000,0x000000d081700000)]
  0x0000027c7f3f81a0 JavaThread "Signal Dispatcher" daemon [_thread_blocked, id=24000, stack(0x000000d081700000,0x000000d081800000)]
  0x0000027c7f3faa80 JavaThread "Attach Listener" daemon [_thread_blocked, id=9756, stack(0x000000d081800000,0x000000d081900000)]
  0x0000027c7f3fbaf0 JavaThread "Service Thread" daemon [_thread_blocked, id=16548, stack(0x000000d081900000,0x000000d081a00000)]
  0x0000027c7f3fc3c0 JavaThread "Monitor Deflation Thread" daemon [_thread_blocked, id=25680, stack(0x000000d081a00000,0x000000d081b00000)]
=>0x0000027c7f3fd760 JavaThread "C2 CompilerThread0" daemon [_thread_in_native, id=14128, stack(0x000000d081b00000,0x000000d081c00000)]
  0x0000027c7f403d50 JavaThread "C1 CompilerThread0" daemon [_thread_blocked, id=10236, stack(0x000000d081c00000,0x000000d081d00000)]
  0x0000027c7f40d690 JavaThread "Sweeper thread" daemon [_thread_blocked, id=19304, stack(0x000000d081d00000,0x000000d081e00000)]
  0x0000027c7f3cadb0 JavaThread "Common-Cleaner" daemon [_thread_blocked, id=9776, stack(0x000000d081e00000,0x000000d081f00000)]
  0x0000027c7f8fe660 JavaThread "Notification Thread" daemon [_thread_blocked, id=1328, stack(0x000000d081f00000,0x000000d082000000)]
  0x0000027c4a7501b0 JavaThread "Daemon health stats" [_thread_blocked, id=364, stack(0x000000d082700000,0x000000d082800000)]
  0x0000027c49017630 JavaThread "Incoming local TCP Connector on port 7603" [_thread_in_native, id=14152, stack(0x000000d082100000,0x000000d082200000)]
  0x0000027c4ae4cd30 JavaThread "Daemon periodic checks" [_thread_blocked, id=5808, stack(0x000000d082800000,0x000000d082900000)]
  0x0000027c497a8150 JavaThread "Daemon" [_thread_blocked, id=19912, stack(0x000000d082900000,0x000000d082a00000)]
  0x0000027c497a8a00 JavaThread "Handler for socket connection from /127.0.0.1:7603 to /127.0.0.1:7604" [_thread_in_native, id=25388, stack(0x000000d082a00000,0x000000d082b00000)]
  0x0000027c4ae01150 JavaThread "Cancel handler" [_thread_blocked, id=4408, stack(0x000000d082b00000,0x000000d082c00000)]
  0x0000027c49f75530 JavaThread "Daemon worker" [_thread_in_vm, id=11636, stack(0x000000d082c00000,0x000000d082d00000)]
  0x0000027c49f727a0 JavaThread "Asynchronous log dispatcher for DefaultDaemonConnection: socket connection from /127.0.0.1:7603 to /127.0.0.1:7604" [_thread_blocked, id=8388, stack(0x000000d082d00000,0x000000d082e00000)]
  0x0000027c49f75a40 JavaThread "Stdin handler" [_thread_blocked, id=12108, stack(0x000000d082e00000,0x000000d082f00000)]
  0x0000027c49f72cb0 JavaThread "Daemon client event forwarder" [_thread_blocked, id=22224, stack(0x000000d082f00000,0x000000d083000000)]
  0x0000027c49f74600 JavaThread "Cache worker for journal cache (C:\Users\samudu\.gradle\caches\journal-1)" [_thread_blocked, id=3768, stack(0x000000d083100000,0x000000d083200000)]
  0x0000027c49f731c0 JavaThread "File lock request listener" [_thread_in_native, id=6516, stack(0x000000d083200000,0x000000d083300000)]
  0x0000027c49f736d0 JavaThread "Cache worker for file hash cache (C:\Users\samudu\.gradle\caches\9.1.0\fileHashes)" [_thread_blocked, id=13964, stack(0x000000d083300000,0x000000d083400000)]
  0x0000027c49f73be0 JavaThread "File lock release action executor" [_thread_blocked, id=15620, stack(0x000000d083000000,0x000000d083100000)]
  0x0000027c49f74b10 JavaThread "Cache worker for file hash cache (C:\HND note & projcts\Mobile\Mobile CW\Personal-finance-management-app\.gradle\9.1.0\fileHashes)" [_thread_blocked, id=24892, stack(0x000000d083800000,0x000000d083900000)]
  0x0000027c49f75020 JavaThread "Cache worker for Build Output Cleanup Cache (C:\HND note & projcts\Mobile\Mobile CW\Personal-finance-management-app\.gradle\buildOutputCleanup)" [_thread_blocked, id=22516, stack(0x000000d083900000,0x000000d083a00000)]
  0x0000027c4b347e30 JavaThread "File watcher server" daemon [_thread_in_native, id=16516, stack(0x000000d083a00000,0x000000d083b00000)]
  0x0000027c4b346f00 JavaThread "File watcher consumer" daemon [_thread_blocked, id=20968, stack(0x000000d083b00000,0x000000d083c00000)]
  0x0000027c4b3464e0 JavaThread "Cache worker for checksums cache (C:\HND note & projcts\Mobile\Mobile CW\Personal-finance-management-app\.gradle\9.1.0\checksums)" [_thread_blocked, id=4520, stack(0x000000d083d00000,0x000000d083e00000)]
  0x0000027c4b34abc0 JavaThread "Cache worker for file content cache (C:\Users\samudu\.gradle\caches\9.1.0\fileContent)" [_thread_blocked, id=7540, stack(0x000000d083700000,0x000000d083800000)]
  0x0000027c4b348340 JavaThread "Cache worker for cache directory md-supplier (C:\Users\samudu\.gradle\caches\9.1.0\md-supplier)" [_thread_blocked, id=10508, stack(0x000000d083e00000,0x000000d083f00000)]
  0x0000027c4b347410 JavaThread "Cache worker for cache directory md-rule (C:\Users\samudu\.gradle\caches\9.1.0\md-rule)" [_thread_blocked, id=22508, stack(0x000000d083f00000,0x000000d084000000)]
  0x0000027c4b34a6b0 JavaThread "jar transforms" [_thread_blocked, id=10444, stack(0x000000d084100000,0x000000d084200000)]
  0x0000027c4b349780 JavaThread "jar transforms Thread 2" [_thread_blocked, id=14560, stack(0x000000d084000000,0x000000d084100000)]
  0x0000027c4b93f830 JavaThread "C2 CompilerThread1" daemon [_thread_in_native, id=13164, stack(0x000000d084800000,0x000000d084900000)]

Other Threads:
  0x0000027c7f3dcd60 VMThread "VM Thread" [stack: 0x000000d081400000,0x000000d081500000] [id=11000]
  0x0000027c7f8feb40 WatcherThread [stack: 0x000000d082000000,0x000000d082100000] [id=6368]
  0x0000027c6527d3a0 GCTaskThread "GC Thread#0" [stack: 0x000000d080f00000,0x000000d081000000] [id=5700]
  0x0000027c492c7080 GCTaskThread "GC Thread#1" [stack: 0x000000d082300000,0x000000d082400000] [id=21724]
  0x0000027c4922a930 GCTaskThread "GC Thread#2" [stack: 0x000000d082400000,0x000000d082500000] [id=10392]
  0x0000027c4a1fc140 GCTaskThread "GC Thread#3" [stack: 0x000000d082500000,0x000000d082600000] [id=2488]
  0x0000027c493aa880 GCTaskThread "GC Thread#4" [stack: 0x000000d082600000,0x000000d082700000] [id=11760]
  0x0000027c493ab960 GCTaskThread "GC Thread#5" [stack: 0x000000d082200000,0x000000d082300000] [id=3076]
  0x0000027c493abc30 GCTaskThread "GC Thread#6" [stack: 0x000000d083400000,0x000000d083500000] [id=12488]
  0x0000027c493ab3c0 GCTaskThread "GC Thread#7" [stack: 0x000000d083500000,0x000000d083600000] [id=8168]
  0x0000027c6528e210 ConcurrentGCThread "G1 Main Marker" [stack: 0x000000d081000000,0x000000d081100000] [id=1744]
  0x0000027c6528f810 ConcurrentGCThread "G1 Conc#0" [stack: 0x000000d081100000,0x000000d081200000] [id=12080]
  0x0000027c493aab50 ConcurrentGCThread "G1 Conc#1" [stack: 0x000000d083600000,0x000000d083700000] [id=14100]
  0x0000027c652cdcd0 ConcurrentGCThread "G1 Refine#0" [stack: 0x000000d081200000,0x000000d081300000] [id=17548]
  0x0000027c4b09fb30 ConcurrentGCThread "G1 Refine#1" [stack: 0x000000d083c00000,0x000000d083d00000] [id=24472]
  0x0000027c4bef66a0 ConcurrentGCThread "G1 Refine#2" [stack: 0x000000d084200000,0x000000d084300000] [id=12984]
  0x0000027c4bef84a0 ConcurrentGCThread "G1 Refine#3" [stack: 0x000000d084300000,0x000000d084400000] [id=10836]
  0x0000027c4bef99a0 ConcurrentGCThread "G1 Refine#4" [stack: 0x000000d084400000,0x000000d084500000] [id=19532]
  0x0000027c4bef87a0 ConcurrentGCThread "G1 Refine#5" [stack: 0x000000d084500000,0x000000d084600000] [id=8340]
  0x0000027c4bef7ea0 ConcurrentGCThread "G1 Refine#6" [stack: 0x000000d084600000,0x000000d084700000] [id=4236]
  0x0000027c4bef8da0 ConcurrentGCThread "G1 Refine#7" [stack: 0x000000d084700000,0x000000d084800000] [id=16436]
  0x0000027c652ce8c0 ConcurrentGCThread "G1 Service" [stack: 0x000000d081300000,0x000000d081400000] [id=24744]

Threads with active compile tasks:
C2 CompilerThread0  22501 6768       4       org.jetbrains.kotlin.name.FqNameUnsafe::pathSegments$collectSegmentsOf (39 bytes)
C2 CompilerThread1  22501 6766       4       org.jetbrains.kotlin.name.FqNameUnsafe::shortName (61 bytes)

VM state: not at safepoint (normal execution)

VM Mutex/Monitor currently owned by a thread: None

Heap address: 0x0000000080000000, size: 2048 MB, Compressed Oops mode: 32-bit

CDS archive(s) mapped at: [0x0000027c04000000-0x0000027c04bb0000-0x0000027c04bb0000), size 12255232, SharedBaseAddress: 0x0000027c04000000, ArchiveRelocationMode: 1.
Compressed class space mapped at: 0x0000027c05000000-0x0000027c45000000, reserved size: 1073741824
Narrow klass base: 0x0000027c04000000, Narrow klass shift: 0, Narrow klass range: 0x100000000

GC Precious Log:
 CPUs: 8 total, 8 available
 Memory: 8036M
 Large Page Support: Disabled
 NUMA Support: Disabled
 Compressed Oops: Enabled (32-bit)
 Heap Region Size: 1M
 Heap Min Capacity: 8M
 Heap Initial Capacity: 126M
 Heap Max Capacity: 2G
 Pre-touch: Disabled
 Parallel Workers: 8
 Concurrent Workers: 2
 Concurrent Refinement Workers: 8
 Periodic GC: Disabled

Heap:
 garbage-first heap   total 139264K, used 92036K [0x0000000080000000, 0x0000000100000000)
  region size 1024K, 31 young (31744K), 2 survivors (2048K)
 Metaspace       used 77250K, committed 77888K, reserved 1179648K
  class space    used 10379K, committed 10688K, reserved 1048576K

Heap Regions: E=young(eden), S=young(survivor), O=old, HS=humongous(starts), HC=humongous(continues), CS=collection set, F=free, OA=open archive, CA=closed archive, TAMS=top-at-mark-start (previous, next)
|   0|0x0000000080000000, 0x0000000080100000, 0x0000000080100000|100%|HS|  |TAMS 0x0000000080100000, 0x0000000080000000| Complete 
|   1|0x0000000080100000, 0x0000000080200000, 0x0000000080200000|100%|HC|  |TAMS 0x0000000080200000, 0x0000000080100000| Complete 
|   2|0x0000000080200000, 0x0000000080300000, 0x0000000080300000|100%|HC|  |TAMS 0x0000000080300000, 0x0000000080200000| Complete 
|   3|0x0000000080300000, 0x0000000080400000, 0x0000000080400000|100%| O|  |TAMS 0x0000000080400000, 0x0000000080300000| Untracked 
|   4|0x0000000080400000, 0x0000000080500000, 0x0000000080500000|100%| O|  |TAMS 0x0000000080500000, 0x0000000080400000| Untracked 
|   5|0x0000000080500000, 0x0000000080600000, 0x0000000080600000|100%| O|  |TAMS 0x0000000080600000, 0x0000000080500000| Untracked 
|   6|0x0000000080600000, 0x0000000080700000, 0x0000000080700000|100%|HS|  |TAMS 0x0000000080700000, 0x0000000080600000| Complete 
|   7|0x0000000080700000, 0x0000000080800000, 0x0000000080800000|100%| O|  |TAMS 0x0000000080800000, 0x0000000080700000| Untracked 
|   8|0x0000000080800000, 0x0000000080900000, 0x0000000080900000|100%| O|  |TAMS 0x0000000080900000, 0x0000000080800000| Untracked 
|   9|0x0000000080900000, 0x0000000080a00000, 0x0000000080a00000|100%| O|  |TAMS 0x0000000080a00000, 0x0000000080900000| Untracked 
|  10|0x0000000080a00000, 0x0000000080b00000, 0x0000000080b00000|100%| O|  |TAMS 0x0000000080b00000, 0x0000000080a00000| Untracked 
|  11|0x0000000080b00000, 0x0000000080c00000, 0x0000000080c00000|100%| O|  |TAMS 0x0000000080c00000, 0x0000000080b00000| Untracked 
|  12|0x0000000080c00000, 0x0000000080d00000, 0x0000000080d00000|100%| O|  |TAMS 0x0000000080d00000, 0x0000000080c00000| Untracked 
|  13|0x0000000080d00000, 0x0000000080e00000, 0x0000000080e00000|100%| O|  |TAMS 0x0000000080e00000, 0x0000000080d00000| Untracked 
|  14|0x0000000080e00000, 0x0000000080f00000, 0x0000000080f00000|100%| O|  |TAMS 0x0000000080f00000, 0x0000000080e00000| Untracked 
|  15|0x0000000080f00000, 0x0000000081000000, 0x0000000081000000|100%| O|  |TAMS 0x0000000081000000, 0x0000000080f00000| Untracked 
|  16|0x0000000081000000, 0x0000000081100000, 0x0000000081100000|100%| O|  |TAMS 0x0000000081100000, 0x0000000081000000| Untracked 
|  17|0x0000000081100000, 0x0000000081200000, 0x0000000081200000|100%| O|  |TAMS 0x0000000081200000, 0x0000000081100000| Untracked 
|  18|0x0000000081200000, 0x0000000081300000, 0x0000000081300000|100%| O|  |TAMS 0x0000000081300000, 0x0000000081200000| Untracked 
|  19|0x0000000081300000, 0x0000000081400000, 0x0000000081400000|100%| O|  |TAMS 0x0000000081400000, 0x0000000081300000| Untracked 
|  20|0x0000000081400000, 0x0000000081500000, 0x0000000081500000|100%| O|  |TAMS 0x0000000081500000, 0x0000000081400000| Untracked 
|  21|0x0000000081500000, 0x0000000081600000, 0x0000000081600000|100%| O|  |TAMS 0x0000000081600000, 0x0000000081500000| Untracked 
|  22|0x0000000081600000, 0x0000000081700000, 0x0000000081700000|100%| O|  |TAMS 0x0000000081700000, 0x0000000081600000| Untracked 
|  23|0x0000000081700000, 0x0000000081800000, 0x0000000081800000|100%| O|  |TAMS 0x0000000081800000, 0x0000000081700000| Untracked 
|  24|0x0000000081800000, 0x0000000081900000, 0x0000000081900000|100%| O|  |TAMS 0x0000000081900000, 0x0000000081800000| Untracked 
|  25|0x0000000081900000, 0x0000000081a00000, 0x0000000081a00000|100%| O|  |TAMS 0x0000000081a00000, 0x0000000081900000| Untracked 
|  26|0x0000000081a00000, 0x0000000081b00000, 0x0000000081b00000|100%| O|  |TAMS 0x0000000081b00000, 0x0000000081a00000| Untracked 
|  27|0x0000000081b00000, 0x0000000081c00000, 0x0000000081c00000|100%| O|  |TAMS 0x0000000081c00000, 0x0000000081b00000| Untracked 
|  28|0x0000000081c00000, 0x0000000081d00000, 0x0000000081d00000|100%| O|  |TAMS 0x0000000081d00000, 0x0000000081c00000| Untracked 
|  29|0x0000000081d00000, 0x0000000081e00000, 0x0000000081e00000|100%| O|  |TAMS 0x0000000081e00000, 0x0000000081d00000| Untracked 
|  30|0x0000000081e00000, 0x0000000081f00000, 0x0000000081f00000|100%| O|  |TAMS 0x0000000081f00000, 0x0000000081e00000| Untracked 
|  31|0x0000000081f00000, 0x0000000082000000, 0x0000000082000000|100%| O|  |TAMS 0x0000000082000000, 0x0000000081f00000| Untracked 
|  32|0x0000000082000000, 0x0000000082100000, 0x0000000082100000|100%| O|  |TAMS 0x0000000082100000, 0x0000000082000000| Untracked 
|  33|0x0000000082100000, 0x0000000082200000, 0x0000000082200000|100%| O|  |TAMS 0x0000000082200000, 0x0000000082100000| Untracked 
|  34|0x0000000082200000, 0x0000000082300000, 0x0000000082300000|100%| O|  |TAMS 0x0000000082300000, 0x0000000082200000| Untracked 
|  35|0x0000000082300000, 0x0000000082400000, 0x0000000082400000|100%| O|  |TAMS 0x0000000082314e00, 0x0000000082300000| Untracked 
|  36|0x0000000082400000, 0x0000000082500000, 0x0000000082500000|100%| O|  |TAMS 0x0000000082400000, 0x0000000082400000| Untracked 
|  37|0x0000000082500000, 0x0000000082600000, 0x0000000082600000|100%| O|  |TAMS 0x0000000082500000, 0x0000000082500000| Untracked 
|  38|0x0000000082600000, 0x0000000082700000, 0x0000000082700000|100%| O|  |TAMS 0x0000000082600000, 0x0000000082600000| Untracked 
|  39|0x0000000082700000, 0x0000000082800000, 0x0000000082800000|100%| O|  |TAMS 0x0000000082700000, 0x0000000082700000| Untracked 
|  40|0x0000000082800000, 0x0000000082900000, 0x0000000082900000|100%| O|  |TAMS 0x0000000082800000, 0x0000000082800000| Untracked 
|  41|0x0000000082900000, 0x0000000082a00000, 0x0000000082a00000|100%| O|  |TAMS 0x0000000082900000, 0x0000000082900000| Untracked 
|  42|0x0000000082a00000, 0x0000000082b00000, 0x0000000082b00000|100%| O|  |TAMS 0x0000000082a00000, 0x0000000082a00000| Untracked 
|  43|0x0000000082b00000, 0x0000000082c00000, 0x0000000082c00000|100%| O|  |TAMS 0x0000000082b00000, 0x0000000082b00000| Untracked 
|  44|0x0000000082c00000, 0x0000000082d00000, 0x0000000082d00000|100%| O|  |TAMS 0x0000000082c00000, 0x0000000082c00000| Untracked 
|  45|0x0000000082d00000, 0x0000000082e00000, 0x0000000082e00000|100%| O|  |TAMS 0x0000000082d00000, 0x0000000082d00000| Untracked 
|  46|0x0000000082e00000, 0x0000000082f00000, 0x0000000082f00000|100%| O|  |TAMS 0x0000000082e00000, 0x0000000082e00000| Untracked 
|  47|0x0000000082f00000, 0x0000000083000000, 0x0000000083000000|100%| O|  |TAMS 0x0000000082f00000, 0x0000000082f00000| Untracked 
|  48|0x0000000083000000, 0x0000000083100000, 0x0000000083100000|100%| O|  |TAMS 0x0000000083000000, 0x0000000083000000| Untracked 
|  49|0x0000000083100000, 0x0000000083200000, 0x0000000083200000|100%| O|  |TAMS 0x0000000083100000, 0x0000000083100000| Untracked 
|  50|0x0000000083200000, 0x0000000083300000, 0x0000000083300000|100%| O|  |TAMS 0x0000000083200000, 0x0000000083200000| Untracked 
|  51|0x0000000083300000, 0x0000000083400000, 0x0000000083400000|100%| O|  |TAMS 0x0000000083300000, 0x0000000083300000| Untracked 
|  52|0x0000000083400000, 0x0000000083500000, 0x0000000083500000|100%| O|  |TAMS 0x0000000083400000, 0x0000000083400000| Untracked 
|  53|0x0000000083500000, 0x0000000083600000, 0x0000000083600000|100%| O|  |TAMS 0x0000000083500000, 0x0000000083500000| Untracked 
|  54|0x0000000083600000, 0x00000000836ee200, 0x0000000083700000| 93%| O|  |TAMS 0x0000000083600000, 0x0000000083600000| Untracked 
|  55|0x0000000083700000, 0x0000000083700000, 0x0000000083800000|  0%| F|  |TAMS 0x0000000083700000, 0x0000000083700000| Untracked 
|  56|0x0000000083800000, 0x0000000083800000, 0x0000000083900000|  0%| F|  |TAMS 0x0000000083800000, 0x0000000083800000| Untracked 
|  57|0x0000000083900000, 0x0000000083900000, 0x0000000083a00000|  0%| F|  |TAMS 0x0000000083900000, 0x0000000083900000| Untracked 
|  58|0x0000000083a00000, 0x0000000083a00000, 0x0000000083b00000|  0%| F|  |TAMS 0x0000000083a00000, 0x0000000083a00000| Untracked 
|  59|0x0000000083b00000, 0x0000000083b00000, 0x0000000083c00000|  0%| F|  |TAMS 0x0000000083b00000, 0x0000000083b00000| Untracked 
|  60|0x0000000083c00000, 0x0000000083c00000, 0x0000000083d00000|  0%| F|  |TAMS 0x0000000083c00000, 0x0000000083c00000| Untracked 
|  61|0x0000000083d00000, 0x0000000083e00000, 0x0000000083e00000|100%| O|  |TAMS 0x0000000083d00000, 0x0000000083d00000| Untracked 
|  62|0x0000000083e00000, 0x0000000083f00000, 0x0000000083f00000|100%| O|  |TAMS 0x0000000083e00000, 0x0000000083e00000| Untracked 
|  63|0x0000000083f00000, 0x0000000084000000, 0x0000000084000000|100%| O|  |TAMS 0x0000000083f00000, 0x0000000083f00000| Untracked 
|  64|0x0000000084000000, 0x0000000084100000, 0x0000000084100000|100%| O|  |TAMS 0x0000000084000000, 0x0000000084000000| Untracked 
|  65|0x0000000084100000, 0x0000000084200000, 0x0000000084200000|100%| O|  |TAMS 0x0000000084100000, 0x0000000084100000| Untracked 
|  66|0x0000000084200000, 0x0000000084300000, 0x0000000084300000|100%| O|  |TAMS 0x0000000084200000, 0x0000000084200000| Untracked 
|  67|0x0000000084300000, 0x0000000084300000, 0x0000000084400000|  0%| F|  |TAMS 0x0000000084300000, 0x0000000084300000| Untracked 
|  68|0x0000000084400000, 0x0000000084400000, 0x0000000084500000|  0%| F|  |TAMS 0x0000000084400000, 0x0000000084400000| Untracked 
|  69|0x0000000084500000, 0x0000000084500000, 0x0000000084600000|  0%| F|  |TAMS 0x0000000084500000, 0x0000000084500000| Untracked 
|  70|0x0000000084600000, 0x0000000084600000, 0x0000000084700000|  0%| F|  |TAMS 0x0000000084600000, 0x0000000084600000| Untracked 
|  71|0x0000000084700000, 0x0000000084700000, 0x0000000084800000|  0%| F|  |TAMS 0x0000000084700000, 0x0000000084700000| Untracked 
|  72|0x0000000084800000, 0x0000000084800000, 0x0000000084900000|  0%| F|  |TAMS 0x0000000084800000, 0x0000000084800000| Untracked 
|  73|0x0000000084900000, 0x0000000084900000, 0x0000000084a00000|  0%| F|  |TAMS 0x0000000084900000, 0x0000000084900000| Untracked 
|  74|0x0000000084a00000, 0x0000000084a00000, 0x0000000084b00000|  0%| F|  |TAMS 0x0000000084a00000, 0x0000000084a00000| Untracked 
|  75|0x0000000084b00000, 0x0000000084b00000, 0x0000000084c00000|  0%| F|  |TAMS 0x0000000084b00000, 0x0000000084b00000| Untracked 
|  76|0x0000000084c00000, 0x0000000084c00000, 0x0000000084d00000|  0%| F|  |TAMS 0x0000000084c00000, 0x0000000084c00000| Untracked 
|  77|0x0000000084d00000, 0x0000000084d00000, 0x0000000084e00000|  0%| F|  |TAMS 0x0000000084d00000, 0x0000000084d00000| Untracked 
|  78|0x0000000084e00000, 0x0000000084e00000, 0x0000000084f00000|  0%| F|  |TAMS 0x0000000084e00000, 0x0000000084e00000| Untracked 
|  79|0x0000000084f00000, 0x0000000084f00000, 0x0000000085000000|  0%| F|  |TAMS 0x0000000084f00000, 0x0000000084f00000| Untracked 
|  80|0x0000000085000000, 0x0000000085000000, 0x0000000085100000|  0%| F|  |TAMS 0x0000000085000000, 0x0000000085000000| Untracked 
|  81|0x0000000085100000, 0x0000000085100000, 0x0000000085200000|  0%| F|  |TAMS 0x0000000085100000, 0x0000000085100000| Untracked 
|  82|0x0000000085200000, 0x0000000085200000, 0x0000000085300000|  0%| F|  |TAMS 0x0000000085200000, 0x0000000085200000| Untracked 
|  83|0x0000000085300000, 0x0000000085300000, 0x0000000085400000|  0%| F|  |TAMS 0x0000000085300000, 0x0000000085300000| Untracked 
|  84|0x0000000085400000, 0x0000000085400000, 0x0000000085500000|  0%| F|  |TAMS 0x0000000085400000, 0x0000000085400000| Untracked 
|  85|0x0000000085500000, 0x0000000085500000, 0x0000000085600000|  0%| F|  |TAMS 0x0000000085500000, 0x0000000085500000| Untracked 
|  86|0x0000000085600000, 0x0000000085600000, 0x0000000085700000|  0%| F|  |TAMS 0x0000000085600000, 0x0000000085600000| Untracked 
|  87|0x0000000085700000, 0x0000000085700000, 0x0000000085800000|  0%| F|  |TAMS 0x0000000085700000, 0x0000000085700000| Untracked 
|  88|0x0000000085800000, 0x00000000858f2e00, 0x0000000085900000| 94%| S|CS|TAMS 0x0000000085800000, 0x0000000085800000| Complete 
|  89|0x0000000085900000, 0x0000000085a00000, 0x0000000085a00000|100%| S|CS|TAMS 0x0000000085900000, 0x0000000085900000| Complete 
|  90|0x0000000085a00000, 0x0000000085a00000, 0x0000000085b00000|  0%| F|  |TAMS 0x0000000085a00000, 0x0000000085a00000| Untracked 
|  91|0x0000000085b00000, 0x0000000085b00000, 0x0000000085c00000|  0%| F|  |TAMS 0x0000000085b00000, 0x0000000085b00000| Untracked 
|  92|0x0000000085c00000, 0x0000000085c00000, 0x0000000085d00000|  0%| F|  |TAMS 0x0000000085c00000, 0x0000000085c00000| Untracked 
|  93|0x0000000085d00000, 0x0000000085d00000, 0x0000000085e00000|  0%| F|  |TAMS 0x0000000085d00000, 0x0000000085d00000| Untracked 
|  94|0x0000000085e00000, 0x0000000085e00000, 0x0000000085f00000|  0%| F|  |TAMS 0x0000000085e00000, 0x0000000085e00000| Untracked 
|  95|0x0000000085f00000, 0x0000000085f00000, 0x0000000086000000|  0%| F|  |TAMS 0x0000000085f00000, 0x0000000085f00000| Untracked 
|  96|0x0000000086000000, 0x0000000086000000, 0x0000000086100000|  0%| F|  |TAMS 0x0000000086000000, 0x0000000086000000| Untracked 
|  97|0x0000000086100000, 0x0000000086100000, 0x0000000086200000|  0%| F|  |TAMS 0x0000000086100000, 0x0000000086100000| Untracked 
|  98|0x0000000086200000, 0x0000000086200000, 0x0000000086300000|  0%| F|  |TAMS 0x0000000086200000, 0x0000000086200000| Untracked 
|  99|0x0000000086300000, 0x0000000086300000, 0x0000000086400000|  0%| F|  |TAMS 0x0000000086300000, 0x0000000086300000| Untracked 
| 100|0x0000000086400000, 0x0000000086400000, 0x0000000086500000|  0%| F|  |TAMS 0x0000000086400000, 0x0000000086400000| Untracked 
| 101|0x0000000086500000, 0x0000000086500000, 0x0000000086600000|  0%| F|  |TAMS 0x0000000086500000, 0x0000000086500000| Untracked 
| 102|0x0000000086600000, 0x0000000086600000, 0x0000000086700000|  0%| F|  |TAMS 0x0000000086600000, 0x0000000086600000| Untracked 
| 103|0x0000000086700000, 0x0000000086700000, 0x0000000086800000|  0%| F|  |TAMS 0x0000000086700000, 0x0000000086700000| Untracked 
| 104|0x0000000086800000, 0x0000000086800000, 0x0000000086900000|  0%| F|  |TAMS 0x0000000086800000, 0x0000000086800000| Untracked 
| 105|0x0000000086900000, 0x0000000086900000, 0x0000000086a00000|  0%| F|  |TAMS 0x0000000086900000, 0x0000000086900000| Untracked 
| 106|0x0000000086a00000, 0x0000000086a00000, 0x0000000086b00000|  0%| F|  |TAMS 0x0000000086a00000, 0x0000000086a00000| Untracked 
| 107|0x0000000086b00000, 0x0000000086b94230, 0x0000000086c00000| 57%| E|  |TAMS 0x0000000086b00000, 0x0000000086b00000| Complete 
| 108|0x0000000086c00000, 0x0000000086d00000, 0x0000000086d00000|100%| E|CS|TAMS 0x0000000086c00000, 0x0000000086c00000| Complete 
| 109|0x0000000086d00000, 0x0000000086e00000, 0x0000000086e00000|100%| E|CS|TAMS 0x0000000086d00000, 0x0000000086d00000| Complete 
| 110|0x0000000086e00000, 0x0000000086f00000, 0x0000000086f00000|100%| E|CS|TAMS 0x0000000086e00000, 0x0000000086e00000| Complete 
| 111|0x0000000086f00000, 0x0000000087000000, 0x0000000087000000|100%| E|CS|TAMS 0x0000000086f00000, 0x0000000086f00000| Complete 
| 112|0x0000000087000000, 0x0000000087100000, 0x0000000087100000|100%| E|CS|TAMS 0x0000000087000000, 0x0000000087000000| Complete 
| 113|0x0000000087100000, 0x0000000087200000, 0x0000000087200000|100%| E|CS|TAMS 0x0000000087100000, 0x0000000087100000| Complete 
| 114|0x0000000087200000, 0x0000000087300000, 0x0000000087300000|100%| E|CS|TAMS 0x0000000087200000, 0x0000000087200000| Complete 
| 115|0x0000000087300000, 0x0000000087400000, 0x0000000087400000|100%| E|CS|TAMS 0x0000000087300000, 0x0000000087300000| Complete 
| 116|0x0000000087400000, 0x0000000087500000, 0x0000000087500000|100%| E|CS|TAMS 0x0000000087400000, 0x0000000087400000| Complete 
| 117|0x0000000087500000, 0x0000000087600000, 0x0000000087600000|100%| E|CS|TAMS 0x0000000087500000, 0x0000000087500000| Complete 
| 118|0x0000000087600000, 0x0000000087700000, 0x0000000087700000|100%| E|CS|TAMS 0x0000000087600000, 0x0000000087600000| Complete 
| 119|0x0000000087700000, 0x0000000087800000, 0x0000000087800000|100%| E|CS|TAMS 0x0000000087700000, 0x0000000087700000| Complete 
| 120|0x0000000087800000, 0x0000000087900000, 0x0000000087900000|100%| E|CS|TAMS 0x0000000087800000, 0x0000000087800000| Complete 
| 121|0x0000000087900000, 0x0000000087a00000, 0x0000000087a00000|100%| E|CS|TAMS 0x0000000087900000, 0x0000000087900000| Complete 
| 122|0x0000000087a00000, 0x0000000087b00000, 0x0000000087b00000|100%| E|CS|TAMS 0x0000000087a00000, 0x0000000087a00000| Complete 
| 123|0x0000000087b00000, 0x0000000087c00000, 0x0000000087c00000|100%| E|CS|TAMS 0x0000000087b00000, 0x0000000087b00000| Complete 
| 124|0x0000000087c00000, 0x0000000087d00000, 0x0000000087d00000|100%| E|CS|TAMS 0x0000000087c00000, 0x0000000087c00000| Complete 
| 125|0x0000000087d00000, 0x0000000087e00000, 0x0000000087e00000|100%| E|  |TAMS 0x0000000087d00000, 0x0000000087d00000| Complete 
| 126|0x0000000087e00000, 0x0000000087f00000, 0x0000000087f00000|100%| E|CS|TAMS 0x0000000087e00000, 0x0000000087e00000| Complete 
| 127|0x0000000087f00000, 0x0000000088000000, 0x0000000088000000|100%| E|CS|TAMS 0x0000000087f00000, 0x0000000087f00000| Complete 
| 128|0x0000000088000000, 0x0000000088100000, 0x0000000088100000|100%| E|CS|TAMS 0x0000000088000000, 0x0000000088000000| Complete 
| 129|0x0000000088100000, 0x0000000088200000, 0x0000000088200000|100%| E|CS|TAMS 0x0000000088100000, 0x0000000088100000| Complete 
| 130|0x0000000088200000, 0x0000000088300000, 0x0000000088300000|100%| E|CS|TAMS 0x0000000088200000, 0x0000000088200000| Complete 
| 131|0x0000000088300000, 0x0000000088400000, 0x0000000088400000|100%| E|CS|TAMS 0x0000000088300000, 0x0000000088300000| Complete 
| 132|0x0000000088400000, 0x0000000088500000, 0x0000000088500000|100%| E|CS|TAMS 0x0000000088400000, 0x0000000088400000| Complete 
| 133|0x0000000088500000, 0x0000000088600000, 0x0000000088600000|100%| E|CS|TAMS 0x0000000088500000, 0x0000000088500000| Complete 
| 134|0x0000000088600000, 0x0000000088700000, 0x0000000088700000|100%| E|CS|TAMS 0x0000000088600000, 0x0000000088600000| Complete 
| 135|0x0000000088700000, 0x0000000088800000, 0x0000000088800000|100%| E|CS|TAMS 0x0000000088700000, 0x0000000088700000| Complete 

Card table byte_map: [0x0000027c7c4c0000,0x0000027c7c8c0000] _byte_map_base: 0x0000027c7c0c0000

Marking Bits (Prev, Next): (CMBitMap*) 0x0000027c6527d8e0, (CMBitMap*) 0x0000027c6527d920
 Prev Bits: [0x0000027c7ccc0000, 0x0000027c7ecc0000)
 Next Bits: [0x0000027c00000000, 0x0000027c02000000)

Polling page: 0x0000027c631d0000

Metaspace:

Usage:
  Non-class:     65.34 MB used.
      Class:     10.14 MB used.
       Both:     75.49 MB used.

Virtual space:
  Non-class space:      128.00 MB reserved,      65.69 MB ( 51%) committed,  2 nodes.
      Class space:        1.00 GB reserved,      10.44 MB (  1%) committed,  1 nodes.
             Both:        1.12 GB reserved,      76.12 MB (  7%) committed. 

Chunk freelists:
   Non-Class:  13.47 MB
       Class:  5.45 MB
        Both:  18.92 MB

MaxMetaspaceSize: unlimited
CompressedClassSpaceSize: 1.00 GB
Initial GC threshold: 21.00 MB
Current GC threshold: 105.00 MB
CDS: on
MetaspaceReclaimPolicy: balanced
 - commit_granule_bytes: 65536.
 - commit_granule_words: 8192.
 - virtual_space_node_default_size: 8388608.
 - enlarge_chunks_in_place: 1.
 - new_chunks_are_fully_committed: 0.
 - uncommit_free_chunks: 1.
 - use_allocation_guard: 0.
 - handle_deallocations: 1.


Internal statistics:

num_allocs_failed_limit: 12.
num_arena_births: 838.
num_arena_deaths: 2.
num_vsnodes_births: 3.
num_vsnodes_deaths: 0.
num_space_committed: 1218.
num_space_uncommitted: 0.
num_chunks_returned_to_freelist: 17.
num_chunks_taken_from_freelist: 3686.
num_chunk_merges: 9.
num_chunk_splits: 2773.
num_chunks_enlarged: 2201.
num_inconsistent_stats: 0.

CodeHeap 'non-profiled nmethods': size=120000Kb used=3806Kb max_used=3806Kb free=116193Kb
 bounds [0x0000027c74860000, 0x0000027c74c20000, 0x0000027c7bd90000]
CodeHeap 'profiled nmethods': size=120000Kb used=11549Kb max_used=11549Kb free=108450Kb
 bounds [0x0000027c6cd90000, 0x0000027c6d8e0000, 0x0000027c742c0000]
CodeHeap 'non-nmethods': size=5760Kb used=1730Kb max_used=1755Kb free=4030Kb
 bounds [0x0000027c742c0000, 0x0000027c74530000, 0x0000027c74860000]
 total_blobs=6819 nmethods=5993 adapters=738
 compilation: enabled
              stopped_count=0, restarted_count=0
 full_count=0

Compilation events (20 events):
Event: 21.376 Thread 0x0000027c7f403d50 6833       3       org.jetbrains.kotlin.com.intellij.mock.MockComponentManager::getService (25 bytes)
Event: 21.376 Thread 0x0000027c7f403d50 nmethod 6833 0x0000027c6d8d4610 code [0x0000027c6d8d47e0, 0x0000027c6d8d4a68]
Event: 21.376 Thread 0x0000027c7f403d50 6835       3       org.jetbrains.kotlin.fir.declarations.impl.FirResolvedImportImpl::getImportedName (17 bytes)
Event: 21.377 Thread 0x0000027c7f403d50 nmethod 6835 0x0000027c6d8d4b90 code [0x0000027c6d8d4d60, 0x0000027c6d8d50b8]
Event: 21.377 Thread 0x0000027c7f403d50 6836       3       org.jetbrains.kotlin.fir.declarations.impl.FirResolvedImportImpl::getImportedFqName (8 bytes)
Event: 21.377 Thread 0x0000027c7f403d50 nmethod 6836 0x0000027c6d8d5210 code [0x0000027c6d8d53c0, 0x0000027c6d8d55a8]
Event: 21.377 Thread 0x0000027c7f403d50 6834       3       org.jetbrains.kotlin.com.intellij.util.pico.DefaultPicoContainer::getService (39 bytes)
Event: 21.378 Thread 0x0000027c7f403d50 nmethod 6834 0x0000027c6d8d5690 code [0x0000027c6d8d58a0, 0x0000027c6d8d5e38]
Event: 21.378 Thread 0x0000027c7f403d50 6837       1       org.jetbrains.kotlin.fir.declarations.impl.FirImportImpl::getAliasName (5 bytes)
Event: 21.378 Thread 0x0000027c7f403d50 nmethod 6837 0x0000027c74c12990 code [0x0000027c74c12b20, 0x0000027c74c12bf8]
Event: 21.379 Thread 0x0000027c7f403d50 6838       3       org.jetbrains.kotlin.fir.declarations.impl.FirResolvedImportImpl::getAliasName (8 bytes)
Event: 21.379 Thread 0x0000027c7f403d50 nmethod 6838 0x0000027c6d8d6010 code [0x0000027c6d8d61c0, 0x0000027c6d8d63a8]
Event: 21.382 Thread 0x0000027c4b93f830 nmethod 6812 0x0000027c74c12c90 code [0x0000027c74c12e20, 0x0000027c74c132f8]
Event: 21.382 Thread 0x0000027c4b93f830 6823       4       java.util.ArrayList::toArray (57 bytes)
Event: 21.388 Thread 0x0000027c4b93f830 nmethod 6823 0x0000027c74c13490 code [0x0000027c74c13620, 0x0000027c74c13c98]
Event: 21.388 Thread 0x0000027c4b93f830 6787       4       jdk.internal.jimage.ImageStringsReader::stringFromByteBuffer (73 bytes)
Event: 21.408 Thread 0x0000027c4b93f830 nmethod 6787 0x0000027c74c13e90 code [0x0000027c74c14040, 0x0000027c74c14968]
Event: 21.408 Thread 0x0000027c4b93f830 6788       4       jdk.internal.jimage.ImageStringsReader::charsFromByteBufferLength (81 bytes)
Event: 21.417 Thread 0x0000027c4b93f830 nmethod 6788 0x0000027c74c14e10 code [0x0000027c74c14fa0, 0x0000027c74c153d8]
Event: 21.417 Thread 0x0000027c4b93f830 6766       4       org.jetbrains.kotlin.name.FqNameUnsafe::shortName (61 bytes)

GC Heap History (20 events):
Event: 8.194 GC heap before
{Heap before GC invocations=7 (full 0):
 garbage-first heap   total 86016K, used 24634K [0x0000000080000000, 0x0000000100000000)
  region size 1024K, 5 young (5120K), 4 survivors (4096K)
 Metaspace       used 27057K, committed 27392K, reserved 1114112K
  class space    used 3839K, committed 4032K, reserved 1048576K
}
Event: 8.200 GC heap after
{Heap after GC invocations=8 (full 0):
 garbage-first heap   total 86016K, used 25155K [0x0000000080000000, 0x0000000100000000)
  region size 1024K, 1 young (1024K), 1 survivors (1024K)
 Metaspace       used 27057K, committed 27392K, reserved 1114112K
  class space    used 3839K, committed 4032K, reserved 1048576K
}
Event: 9.490 GC heap before
{Heap before GC invocations=8 (full 0):
 garbage-first heap   total 86016K, used 64067K [0x0000000080000000, 0x0000000100000000)
  region size 1024K, 40 young (40960K), 1 survivors (1024K)
 Metaspace       used 32747K, committed 33152K, reserved 1114112K
  class space    used 4608K, committed 4800K, reserved 1048576K
}
Event: 9.494 GC heap after
{Heap after GC invocations=9 (full 0):
 garbage-first heap   total 86016K, used 27116K [0x0000000080000000, 0x0000000100000000)
  region size 1024K, 3 young (3072K), 3 survivors (3072K)
 Metaspace       used 32747K, committed 33152K, reserved 1114112K
  class space    used 4608K, committed 4800K, reserved 1048576K
}
Event: 10.384 GC heap before
{Heap before GC invocations=9 (full 0):
 garbage-first heap   total 86016K, used 59884K [0x0000000080000000, 0x0000000100000000)
  region size 1024K, 37 young (37888K), 3 survivors (3072K)
 Metaspace       used 35716K, committed 36096K, reserved 1114112K
  class space    used 5117K, committed 5312K, reserved 1048576K
}
Event: 10.391 GC heap after
{Heap after GC invocations=10 (full 0):
 garbage-first heap   total 86016K, used 29264K [0x0000000080000000, 0x0000000100000000)
  region size 1024K, 5 young (5120K), 5 survivors (5120K)
 Metaspace       used 35716K, committed 36096K, reserved 1114112K
  class space    used 5117K, committed 5312K, reserved 1048576K
}
Event: 10.881 GC heap before
{Heap before GC invocations=11 (full 0):
 garbage-first heap   total 86016K, used 66128K [0x0000000080000000, 0x0000000100000000)
  region size 1024K, 41 young (41984K), 5 survivors (5120K)
 Metaspace       used 35938K, committed 36352K, reserved 1114112K
  class space    used 5121K, committed 5312K, reserved 1048576K
}
Event: 10.889 GC heap after
{Heap after GC invocations=12 (full 0):
 garbage-first heap   total 139264K, used 30601K [0x0000000080000000, 0x0000000100000000)
  region size 1024K, 5 young (5120K), 5 survivors (5120K)
 Metaspace       used 35938K, committed 36352K, reserved 1114112K
  class space    used 5121K, committed 5312K, reserved 1048576K
}
Event: 14.225 GC heap before
{Heap before GC invocations=12 (full 0):
 garbage-first heap   total 139264K, used 108425K [0x0000000080000000, 0x0000000100000000)
  region size 1024K, 81 young (82944K), 5 survivors (5120K)
 Metaspace       used 44305K, committed 44864K, reserved 1114112K
  class space    used 6192K, committed 6464K, reserved 1048576K
}
Event: 14.238 GC heap after
{Heap after GC invocations=13 (full 0):
 garbage-first heap   total 139264K, used 36191K [0x0000000080000000, 0x0000000100000000)
  region size 1024K, 10 young (10240K), 10 survivors (10240K)
 Metaspace       used 44305K, committed 44864K, reserved 1114112K
  class space    used 6192K, committed 6464K, reserved 1048576K
}
Event: 15.762 GC heap before
{Heap before GC invocations=13 (full 0):
 garbage-first heap   total 139264K, used 108895K [0x0000000080000000, 0x0000000100000000)
  region size 1024K, 81 young (82944K), 10 survivors (10240K)
 Metaspace       used 50995K, committed 51584K, reserved 1114112K
  class space    used 7453K, committed 7744K, reserved 1048576K
}
Event: 15.770 GC heap after
{Heap after GC invocations=14 (full 0):
 garbage-first heap   total 139264K, used 38700K [0x0000000080000000, 0x0000000100000000)
  region size 1024K, 3 young (3072K), 3 survivors (3072K)
 Metaspace       used 50995K, committed 51584K, reserved 1114112K
  class space    used 7453K, committed 7744K, reserved 1048576K
}
Event: 17.344 GC heap before
{Heap before GC invocations=14 (full 0):
 garbage-first heap   total 139264K, used 103212K [0x0000000080000000, 0x0000000100000000)
  region size 1024K, 67 young (68608K), 3 survivors (3072K)
 Metaspace       used 59674K, committed 60288K, reserved 1114112K
  class space    used 8537K, committed 8832K, reserved 1048576K
}
Event: 17.351 GC heap after
{Heap after GC invocations=15 (full 0):
 garbage-first heap   total 139264K, used 39612K [0x0000000080000000, 0x0000000100000000)
  region size 1024K, 4 young (4096K), 4 survivors (4096K)
 Metaspace       used 59674K, committed 60288K, reserved 1114112K
  class space    used 8537K, committed 8832K, reserved 1048576K
}
Event: 18.659 GC heap before
{Heap before GC invocations=16 (full 0):
 garbage-first heap   total 139264K, used 112316K [0x0000000080000000, 0x0000000100000000)
  region size 1024K, 75 young (76800K), 4 survivors (4096K)
 Metaspace       used 63570K, committed 64256K, reserved 1114112K
  class space    used 8951K, committed 9280K, reserved 1048576K
}
Event: 18.674 GC heap after
{Heap after GC invocations=17 (full 0):
 garbage-first heap   total 139264K, used 56719K [0x0000000080000000, 0x0000000100000000)
  region size 1024K, 10 young (10240K), 10 survivors (10240K)
 Metaspace       used 63570K, committed 64256K, reserved 1114112K
  class space    used 8951K, committed 9280K, reserved 1048576K
}
Event: 19.894 GC heap before
{Heap before GC invocations=18 (full 0):
 garbage-first heap   total 139264K, used 108943K [0x0000000080000000, 0x0000000100000000)
  region size 1024K, 61 young (62464K), 10 survivors (10240K)
 Metaspace       used 68628K, committed 69312K, reserved 1114112K
  class space    used 9498K, committed 9792K, reserved 1048576K
}
Event: 19.912 GC heap after
{Heap after GC invocations=19 (full 0):
 garbage-first heap   total 139264K, used 62670K [0x0000000080000000, 0x0000000100000000)
  region size 1024K, 5 young (5120K), 5 survivors (5120K)
 Metaspace       used 68628K, committed 69312K, reserved 1114112K
  class space    used 9498K, committed 9792K, reserved 1048576K
}
Event: 21.047 GC heap before
{Heap before GC invocations=19 (full 0):
 garbage-first heap   total 139264K, used 108750K [0x0000000080000000, 0x0000000100000000)
  region size 1024K, 51 young (52224K), 5 survivors (5120K)
 Metaspace       used 74391K, committed 75072K, reserved 1179648K
  class space    used 10068K, committed 10368K, reserved 1048576K
}
Event: 21.053 GC heap after
{Heap after GC invocations=20 (full 0):
 garbage-first heap   total 139264K, used 64388K [0x0000000080000000, 0x0000000100000000)
  region size 1024K, 2 young (2048K), 2 survivors (2048K)
 Metaspace       used 74391K, committed 75072K, reserved 1179648K
  class space    used 10068K, committed 10368K, reserved 1048576K
}

Dll operation events (15 events):
Event: 0.012 Loaded shared library C:\Program Files\Microsoft\jdk-17\bin\java.dll
Event: 0.032 Loaded shared library C:\Program Files\Microsoft\jdk-17\bin\jsvml.dll
Event: 0.115 Loaded shared library C:\Program Files\Microsoft\jdk-17\bin\zip.dll
Event: 0.120 Loaded shared library C:\Program Files\Microsoft\jdk-17\bin\instrument.dll
Event: 0.128 Loaded shared library C:\Program Files\Microsoft\jdk-17\bin\net.dll
Event: 0.130 Loaded shared library C:\Program Files\Microsoft\jdk-17\bin\nio.dll
Event: 0.136 Loaded shared library C:\Program Files\Microsoft\jdk-17\bin\zip.dll
Event: 0.916 Loaded shared library C:\Program Files\Microsoft\jdk-17\bin\jimage.dll
Event: 1.245 Loaded shared library C:\Program Files\Microsoft\jdk-17\bin\verify.dll
Event: 1.320 Loaded shared library C:\Users\samudu\.gradle\native\1def1411415f61bf3af743bc5b6707747c0891f09f0c88961ee8f79bc544acac\windows-amd64\native-platform.dll
Event: 1.337 Loaded shared library C:\Users\samudu\.gradle\native\0.2.8\x86_64-windows-gnu\gradle-fileevents.dll
Event: 3.103 Loaded shared library C:\Program Files\Microsoft\jdk-17\bin\management.dll
Event: 3.108 Loaded shared library C:\Program Files\Microsoft\jdk-17\bin\management_ext.dll
Event: 3.586 Loaded shared library C:\Program Files\Microsoft\jdk-17\bin\extnet.dll
Event: 4.050 Loaded shared library C:\Program Files\Microsoft\jdk-17\bin\sunmscapi.dll

Deoptimization events (20 events):
Event: 21.319 Thread 0x0000027c49f75530 Uncommon trap: trap_request=0xffffffbe fr.pc=0x0000027c74c024e4 relative=0x0000000000000c64
Event: 21.320 Thread 0x0000027c49f75530 Uncommon trap: reason=profile_predicate action=maybe_recompile pc=0x0000027c74c024e4 method=org.jetbrains.kotlin.com.intellij.openapi.util.text.StringUtilRt.equal(Ljava/lang/CharSequence;Ljava/lang/CharSequence;Z)Z @ 47 c2
Event: 21.320 Thread 0x0000027c49f75530 DEOPT PACKING pc=0x0000027c74c024e4 sp=0x000000d082cf38f0
Event: 21.320 Thread 0x0000027c49f75530 DEOPT UNPACKING pc=0x0000027c743169a3 sp=0x000000d082cf3888 mode 2
Event: 21.336 Thread 0x0000027c49f75530 Uncommon trap: trap_request=0xffffffde fr.pc=0x0000027c74c0d6f0 relative=0x00000000000001d0
Event: 21.336 Thread 0x0000027c49f75530 Uncommon trap: reason=class_check action=maybe_recompile pc=0x0000027c74c0d6f0 method=org.jetbrains.kotlin.com.intellij.openapi.util.text.StringUtilRt.lastIndexOf(Ljava/lang/CharSequence;CII)I @ 17 c2
Event: 21.336 Thread 0x0000027c49f75530 DEOPT PACKING pc=0x0000027c74c0d6f0 sp=0x000000d082cf3a50
Event: 21.336 Thread 0x0000027c49f75530 DEOPT UNPACKING pc=0x0000027c743169a3 sp=0x000000d082cf39d0 mode 2
Event: 21.336 Thread 0x0000027c49f75530 Uncommon trap: trap_request=0xffffffde fr.pc=0x0000027c74c0d6f0 relative=0x00000000000001d0
Event: 21.336 Thread 0x0000027c49f75530 Uncommon trap: reason=class_check action=maybe_recompile pc=0x0000027c74c0d6f0 method=org.jetbrains.kotlin.com.intellij.openapi.util.text.StringUtilRt.lastIndexOf(Ljava/lang/CharSequence;CII)I @ 17 c2
Event: 21.336 Thread 0x0000027c49f75530 DEOPT PACKING pc=0x0000027c74c0d6f0 sp=0x000000d082cf3a50
Event: 21.336 Thread 0x0000027c49f75530 DEOPT UNPACKING pc=0x0000027c743169a3 sp=0x000000d082cf39d0 mode 2
Event: 21.337 Thread 0x0000027c49f75530 Uncommon trap: trap_request=0xffffffde fr.pc=0x0000027c74c0d6f0 relative=0x00000000000001d0
Event: 21.337 Thread 0x0000027c49f75530 Uncommon trap: reason=class_check action=maybe_recompile pc=0x0000027c74c0d6f0 method=org.jetbrains.kotlin.com.intellij.openapi.util.text.StringUtilRt.lastIndexOf(Ljava/lang/CharSequence;CII)I @ 17 c2
Event: 21.337 Thread 0x0000027c49f75530 DEOPT PACKING pc=0x0000027c74c0d6f0 sp=0x000000d082cf3a50
Event: 21.337 Thread 0x0000027c49f75530 DEOPT UNPACKING pc=0x0000027c743169a3 sp=0x000000d082cf39d0 mode 2
Event: 21.337 Thread 0x0000027c49f75530 Uncommon trap: trap_request=0xffffffde fr.pc=0x0000027c74c0d6f0 relative=0x00000000000001d0
Event: 21.337 Thread 0x0000027c49f75530 Uncommon trap: reason=class_check action=maybe_recompile pc=0x0000027c74c0d6f0 method=org.jetbrains.kotlin.com.intellij.openapi.util.text.StringUtilRt.lastIndexOf(Ljava/lang/CharSequence;CII)I @ 17 c2
Event: 21.337 Thread 0x0000027c49f75530 DEOPT PACKING pc=0x0000027c74c0d6f0 sp=0x000000d082cf3a50
Event: 21.337 Thread 0x0000027c49f75530 DEOPT UNPACKING pc=0x0000027c743169a3 sp=0x000000d082cf39d0 mode 2

Classes loaded (20 events):
Event: 17.422 Loading class java/beans/PropertyChangeSupport$PropertyChangeListenerMap
Event: 17.422 Loading class java/beans/ChangeListenerMap
Event: 17.422 Loading class java/beans/ChangeListenerMap done
Event: 17.422 Loading class java/beans/PropertyChangeSupport$PropertyChangeListenerMap done
Event: 17.422 Loading class java/beans/PropertyChangeListener
Event: 17.422 Loading class java/beans/PropertyChangeListener done
Event: 17.836 Loading class java/util/regex/Pattern$Bound
Event: 17.836 Loading class java/util/regex/Pattern$Bound done
Event: 17.837 Loading class java/util/regex/Pattern$LookBehindEndNode
Event: 17.837 Loading class java/util/regex/Pattern$LookBehindEndNode done
Event: 17.837 Loading class java/util/regex/Pattern$NotBehind
Event: 17.838 Loading class java/util/regex/Pattern$NotBehind done
Event: 19.097 Loading class java/io/NotSerializableException
Event: 19.097 Loading class java/io/NotSerializableException done
Event: 20.919 Loading class java/text/StringCharacterIterator
Event: 20.919 Loading class java/text/CharacterIterator
Event: 20.919 Loading class java/text/CharacterIterator done
Event: 20.919 Loading class java/text/StringCharacterIterator done
Event: 21.205 Loading class java/util/PriorityQueue
Event: 21.206 Loading class java/util/PriorityQueue done

Classes unloaded (5 events):
Event: 17.423 Thread 0x0000027c7f3dcd60 Unloading class 0x0000027c055a8000 '_BuildScript_$_run_closure1$_closure2'
Event: 17.423 Thread 0x0000027c7f3dcd60 Unloading class 0x0000027c0559ca58 '_BuildScript_$_run_closure1'
Event: 17.423 Thread 0x0000027c7f3dcd60 Unloading class 0x0000027c0559c568 '_BuildScript_'
Event: 17.423 Thread 0x0000027c7f3dcd60 Unloading class 0x0000027c0559c2b0 'GradleAnnotationProcessorPatchPlugin$AnnotationProcessorModelBuilder'
Event: 17.423 Thread 0x0000027c7f3dcd60 Unloading class 0x0000027c0559c000 'GradleAnnotationProcessorPatchPlugin'

Classes redefined (0 events):
No events

Internal exceptions (20 events):
Event: 15.836 Thread 0x0000027c49f75530 Exception <a 'java/lang/NoSuchMethodError'{0x00000000884ef790}: 'int java.lang.invoke.DelegatingMethodHandle$Holder.reinvoke_L(java.lang.Object, java.lang.Object, java.lang.Object, long, long, long)'> (0x00000000884ef790) 
thrown [s\src\hotspot\share\interpreter\linkResolver.cpp, line 759]
Event: 15.836 Thread 0x0000027c49f75530 Exception <a 'java/lang/NoSuchMethodError'{0x00000000884ff288}: 'int java.lang.invoke.DelegatingMethodHandle$Holder.reinvoke_L(java.lang.Object, java.lang.Object, java.lang.Object, long, int)'> (0x00000000884ff288) 
thrown [s\src\hotspot\share\interpreter\linkResolver.cpp, line 759]
Event: 15.838 Thread 0x0000027c49f75530 Exception <a 'java/lang/NoSuchMethodError'{0x0000000088316ec0}: 'void java.lang.invoke.DelegatingMethodHandle$Holder.reinvoke_L(java.lang.Object, java.lang.Object, java.lang.Object, long, java.lang.Object, long, long)'> (0x0000000088316ec0) 
thrown [s\src\hotspot\share\interpreter\linkResolver.cpp, line 759]
Event: 15.838 Thread 0x0000027c49f75530 Exception <a 'java/lang/NoSuchMethodError'{0x000000008831f380}: 'long java.lang.invoke.Invokers$Holder.invokeExact_MT(java.lang.Object, java.lang.Object, java.lang.Object)'> (0x000000008831f380) 
thrown [s\src\hotspot\share\interpreter\linkResolver.cpp, line 759]
Event: 15.959 Thread 0x0000027c49f75530 Exception <a 'java/lang/NoSuchMethodError'{0x00000000880c7ef8}: 'java.lang.Object java.lang.invoke.DirectMethodHandle$Holder.invokeStatic(java.lang.Object, java.lang.Object, int, java.lang.Object, int)'> (0x00000000880c7ef8) 
thrown [s\src\hotspot\share\interpreter\linkResolver.cpp, line 759]
Event: 16.769 Thread 0x0000027c49f75530 Exception <a 'java/lang/NoSuchMethodError'{0x0000000085ddb0b8}: 'java.lang.Object java.lang.invoke.DirectMethodHandle$Holder.invokeStatic(java.lang.Object, java.lang.Object, java.lang.Object, java.lang.Object, int, java.lang.Object)'> (0x0000000085ddb0b8) 
thrown [s\src\hotspot\share\interpreter\linkResolver.cpp, line 759]
Event: 16.789 Thread 0x0000027c49f75530 Exception <a 'java/lang/NoSuchMethodError'{0x0000000085ce9bb0}: 'java.lang.Object java.lang.invoke.Invokers$Holder.invoke_MT(java.lang.Object, java.lang.Object, java.lang.Object)'> (0x0000000085ce9bb0) 
thrown [s\src\hotspot\share\interpreter\linkResolver.cpp, line 759]
Event: 17.293 Thread 0x0000027c49f75530 Exception <a 'java/lang/NoSuchMethodError'{0x0000000084bae270}: 'java.lang.Object java.lang.invoke.Invokers$Holder.invokeExact_MT(java.lang.Object, java.lang.Object, long, java.lang.Object)'> (0x0000000084bae270) 
thrown [s\src\hotspot\share\interpreter\linkResolver.cpp, line 759]
Event: 17.466 Thread 0x0000027c49f75530 Exception <a 'java/lang/NoSuchMethodError'{0x000000008849b8e8}: 'java.lang.Object java.lang.invoke.DirectMethodHandle$Holder.invokeStatic(java.lang.Object, java.lang.Object, long, long)'> (0x000000008849b8e8) 
thrown [s\src\hotspot\share\interpreter\linkResolver.cpp, line 759]
Event: 17.483 Thread 0x0000027c49f75530 Exception <a 'java/lang/NoSuchMethodError'{0x00000000884eb340}: 'java.lang.Object java.lang.invoke.DirectMethodHandle$Holder.invokeStatic(java.lang.Object, java.lang.Object, java.lang.Object, long, java.lang.Object)'> (0x00000000884eb340) 
thrown [s\src\hotspot\share\interpreter\linkResolver.cpp, line 759]
Event: 17.484 Thread 0x0000027c49f75530 Exception <a 'java/lang/NoSuchMethodError'{0x00000000884f4700}: 'java.lang.Object java.lang.invoke.DirectMethodHandle$Holder.newInvokeSpecial(java.lang.Object, java.lang.Object, java.lang.Object, long)'> (0x00000000884f4700) 
thrown [s\src\hotspot\share\interpreter\linkResolver.cpp, line 759]
Event: 17.485 Thread 0x0000027c49f75530 Exception <a 'java/lang/NoSuchMethodError'{0x00000000884f9c60}: 'java.lang.Object java.lang.invoke.Invokers$Holder.linkToTargetMethod(java.lang.Object, java.lang.Object, long, java.lang.Object)'> (0x00000000884f9c60) 
thrown [s\src\hotspot\share\interpreter\linkResolver.cpp, line 759]
Event: 17.769 Thread 0x0000027c49f75530 Implicit null exception at 0x0000027c74b9bcc0 to 0x0000027c74b9c070
Event: 17.780 Thread 0x0000027c49f75530 Implicit null exception at 0x0000027c74bac692 to 0x0000027c74bad3bc
Event: 20.598 Thread 0x0000027c49f75530 Exception <a 'java/lang/NoSuchMethodError'{0x000000008688f400}: 'java.lang.Object java.lang.invoke.DirectMethodHandle$Holder.newInvokeSpecial(java.lang.Object, java.lang.Object, java.lang.Object, int, java.lang.Object)'> (0x000000008688f400) 
thrown [s\src\hotspot\share\interpreter\linkResolver.cpp, line 759]
Event: 20.598 Thread 0x0000027c49f75530 Exception <a 'java/lang/NoSuchMethodError'{0x0000000086894de0}: 'java.lang.Object java.lang.invoke.DirectMethodHandle$Holder.invokeSpecial(java.lang.Object, java.lang.Object, java.lang.Object, java.lang.Object, int, java.lang.Object)'> (0x0000000086894de0) 
thrown [s\src\hotspot\share\interpreter\linkResolver.cpp, line 759]
Event: 20.599 Thread 0x0000027c49f75530 Exception <a 'java/lang/NoSuchMethodError'{0x0000000086899dc8}: 'java.lang.Object java.lang.invoke.Invokers$Holder.linkToTargetMethod(java.lang.Object, java.lang.Object, int, java.lang.Object, java.lang.Object)'> (0x0000000086899dc8) 
thrown [s\src\hotspot\share\interpreter\linkResolver.cpp, line 759]
Event: 20.680 Thread 0x0000027c49f75530 Exception <a 'java/lang/NoSuchMethodError'{0x00000000865304d0}: 'java.lang.Object java.lang.invoke.DirectMethodHandle$Holder.newInvokeSpecial(java.lang.Object, java.lang.Object, java.lang.Object, java.lang.Object, int)'> (0x00000000865304d0) 
thrown [s\src\hotspot\share\interpreter\linkResolver.cpp, line 759]
Event: 20.682 Thread 0x0000027c49f75530 Exception <a 'java/lang/NoSuchMethodError'{0x0000000086535eb0}: 'java.lang.Object java.lang.invoke.DirectMethodHandle$Holder.invokeSpecial(java.lang.Object, java.lang.Object, java.lang.Object, java.lang.Object, java.lang.Object, int)'> (0x0000000086535eb0) 
thrown [s\src\hotspot\share\interpreter\linkResolver.cpp, line 759]
Event: 20.682 Thread 0x0000027c49f75530 Exception <a 'java/lang/NoSuchMethodError'{0x000000008653b138}: 'java.lang.Object java.lang.invoke.Invokers$Holder.linkToTargetMethod(java.lang.Object, java.lang.Object, java.lang.Object, int, java.lang.Object)'> (0x000000008653b138) 
thrown [s\src\hotspot\share\interpreter\linkResolver.cpp, line 759]

VM Operations (20 events):
Event: 17.467 Executing VM operation: G1PauseCleanup done
Event: 17.705 Executing VM operation: HandshakeAllThreads
Event: 17.705 Executing VM operation: HandshakeAllThreads done
Event: 18.659 Executing VM operation: G1CollectForAllocation
Event: 18.675 Executing VM operation: G1CollectForAllocation done
Event: 18.737 Executing VM operation: G1PauseRemark
Event: 18.742 Executing VM operation: G1PauseRemark done
Event: 18.762 Executing VM operation: G1PauseCleanup
Event: 18.763 Executing VM operation: G1PauseCleanup done
Event: 19.253 Executing VM operation: HandshakeAllThreads
Event: 19.253 Executing VM operation: HandshakeAllThreads done
Event: 19.893 Executing VM operation: G1CollectForAllocation
Event: 19.912 Executing VM operation: G1CollectForAllocation done
Event: 20.925 Executing VM operation: Cleanup
Event: 20.925 Executing VM operation: Cleanup done
Event: 21.047 Executing VM operation: G1CollectForAllocation
Event: 21.053 Executing VM operation: G1CollectForAllocation done
Event: 21.232 Executing VM operation: HandshakeAllThreads
Event: 21.233 Executing VM operation: HandshakeAllThreads done
Event: 22.241 Executing VM operation: Cleanup

Memory protections (0 events):
No events

Nmethod flushes (20 events):
Event: 12.981 Thread 0x0000027c7f40d690 flushing  nmethod 0x0000027c6d66ca90
Event: 12.981 Thread 0x0000027c7f40d690 flushing  nmethod 0x0000027c6d66d390
Event: 12.981 Thread 0x0000027c7f40d690 flushing  nmethod 0x0000027c6d66db10
Event: 12.981 Thread 0x0000027c7f40d690 flushing  nmethod 0x0000027c6d66e010
Event: 12.981 Thread 0x0000027c7f40d690 flushing  nmethod 0x0000027c6d672110
Event: 12.981 Thread 0x0000027c7f40d690 flushing  nmethod 0x0000027c6d673a90
Event: 12.981 Thread 0x0000027c7f40d690 flushing  nmethod 0x0000027c6d674090
Event: 12.981 Thread 0x0000027c7f40d690 flushing  nmethod 0x0000027c6d679f90
Event: 12.981 Thread 0x0000027c7f40d690 flushing  nmethod 0x0000027c6d68fe10
Event: 12.981 Thread 0x0000027c7f40d690 flushing  nmethod 0x0000027c6d6b4290
Event: 12.981 Thread 0x0000027c7f40d690 flushing  nmethod 0x0000027c6d6b4890
Event: 12.981 Thread 0x0000027c7f40d690 flushing  nmethod 0x0000027c6d6b5090
Event: 12.981 Thread 0x0000027c7f40d690 flushing  nmethod 0x0000027c6d6b5490
Event: 12.981 Thread 0x0000027c7f40d690 flushing  nmethod 0x0000027c6d6b6e90
Event: 12.981 Thread 0x0000027c7f40d690 flushing  nmethod 0x0000027c6d6b8910
Event: 12.981 Thread 0x0000027c7f40d690 flushing  nmethod 0x0000027c6d6c8910
Event: 12.981 Thread 0x0000027c7f40d690 flushing  nmethod 0x0000027c6d6d1490
Event: 12.981 Thread 0x0000027c7f40d690 flushing  nmethod 0x0000027c6d6eb910
Event: 21.239 Thread 0x0000027c7f40d690 flushing  nmethod 0x0000027c6d522910
Event: 21.240 Thread 0x0000027c7f40d690 flushing  nmethod 0x0000027c6d683910

Events (20 events):
Event: 13.489 Thread 0x0000027c4d726030 Thread exited: 0x0000027c4d726030
Event: 13.555 Thread 0x0000027c49f75530 Thread added: 0x0000027c4b349780
Event: 13.775 Thread 0x0000027c7f403d50 Thread added: 0x0000027c4d726030
Event: 14.477 Thread 0x0000027c4d726030 Thread exited: 0x0000027c4d726030
Event: 14.477 Thread 0x0000027c4d5429c0 Thread exited: 0x0000027c4d5429c0
Event: 14.577 Thread 0x0000027c7f403d50 Thread added: 0x0000027c4d5429c0
Event: 14.784 Thread 0x0000027c4d5429c0 Thread added: 0x0000027c4ae69e90
Event: 14.978 Thread 0x0000027c4ae69e90 Thread exited: 0x0000027c4ae69e90
Event: 15.022 Thread 0x0000027c4d5429c0 Thread exited: 0x0000027c4d5429c0
Event: 15.836 Thread 0x0000027c7f403d50 Thread added: 0x0000027c4de5aab0
Event: 16.032 Thread 0x0000027c4de5aab0 Thread exited: 0x0000027c4de5aab0
Event: 16.939 Thread 0x0000027c7f403d50 Thread added: 0x0000027c4b792830
Event: 17.129 Thread 0x0000027c4b792830 Thread exited: 0x0000027c4b792830
Event: 17.336 Thread 0x0000027c7f403d50 Thread added: 0x0000027c4b792830
Event: 17.541 Thread 0x0000027c7f3fd760 Thread added: 0x0000027c7f960690
Event: 18.392 Thread 0x0000027c7f960690 Thread exited: 0x0000027c7f960690
Event: 18.401 Thread 0x0000027c4b792830 Thread exited: 0x0000027c4b792830
Event: 19.282 Thread 0x0000027c7f403d50 Thread added: 0x0000027c4cc24eb0
Event: 19.586 Thread 0x0000027c4cc24eb0 Thread exited: 0x0000027c4cc24eb0
Event: 21.288 Thread 0x0000027c7f403d50 Thread added: 0x0000027c4b93f830


Dynamic libraries:
0x00007ff6f3210000 - 0x00007ff6f321e000 	C:\Program Files\Microsoft\jdk-17\bin\java.exe
0x00007ffe62f60000 - 0x00007ffe631c8000 	C:\WINDOWS\SYSTEM32\ntdll.dll
0x00007ffe623a0000 - 0x00007ffe62469000 	C:\WINDOWS\System32\KERNEL32.DLL
0x00007ffe5fd10000 - 0x00007ffe60101000 	C:\WINDOWS\System32\KERNELBASE.dll
0x00007ffe60a30000 - 0x00007ffe60b7b000 	C:\WINDOWS\System32\ucrtbase.dll
0x00007ffdd6c80000 - 0x00007ffdd6c98000 	C:\Program Files\Microsoft\jdk-17\bin\jli.dll
0x00007ffdd6430000 - 0x00007ffdd644e000 	C:\Program Files\Microsoft\jdk-17\bin\VCRUNTIME140.dll
0x00007ffe61bb0000 - 0x00007ffe61d76000 	C:\WINDOWS\System32\USER32.dll
0x00007ffe5fce0000 - 0x00007ffe5fd07000 	C:\WINDOWS\System32\win32u.dll
0x00007ffe4a760000 - 0x00007ffe4a9f3000 	C:\WINDOWS\WinSxS\amd64_microsoft.windows.common-controls_6595b64144ccf1df_6.0.26100.7705_none_3e06597ae3363b04\COMCTL32.dll
0x00007ffe61b00000 - 0x00007ffe61ba9000 	C:\WINDOWS\System32\msvcrt.dll
0x00007ffe61f70000 - 0x00007ffe61f9b000 	C:\WINDOWS\System32\GDI32.dll
0x00007ffe5fa40000 - 0x00007ffe5fb6b000 	C:\WINDOWS\System32\gdi32full.dll
0x00007ffe60980000 - 0x00007ffe60a23000 	C:\WINDOWS\System32\msvcp_win.dll
0x00007ffe61240000 - 0x00007ffe61271000 	C:\WINDOWS\System32\IMM32.DLL
0x00007ffe0de40000 - 0x00007ffe0de4c000 	C:\Program Files\Microsoft\jdk-17\bin\vcruntime140_1.dll
0x00007ffdae9b0000 - 0x00007ffdaea39000 	C:\Program Files\Microsoft\jdk-17\bin\msvcp140.dll
0x00007ffd7add0000 - 0x00007ffd7ba4a000 	C:\Program Files\Microsoft\jdk-17\bin\server\jvm.dll
0x00007ffe62bc0000 - 0x00007ffe62c74000 	C:\WINDOWS\System32\ADVAPI32.dll
0x00007ffe60d00000 - 0x00007ffe60da6000 	C:\WINDOWS\System32\sechost.dll
0x00007ffe62470000 - 0x00007ffe62588000 	C:\WINDOWS\System32\RPCRT4.dll
0x00007ffe61a80000 - 0x00007ffe61af4000 	C:\WINDOWS\System32\WS2_32.dll
0x00007ffe542d0000 - 0x00007ffe542db000 	C:\WINDOWS\SYSTEM32\VERSION.dll
0x00007ffe5f6a0000 - 0x00007ffe5f6fe000 	C:\WINDOWS\SYSTEM32\POWRPROF.dll
0x00007ffe4e7e0000 - 0x00007ffe4e815000 	C:\WINDOWS\SYSTEM32\WINMM.dll
0x00007ffe5f680000 - 0x00007ffe5f694000 	C:\WINDOWS\SYSTEM32\UMPDC.dll
0x00007ffe5e5f0000 - 0x00007ffe5e60b000 	C:\WINDOWS\SYSTEM32\kernel.appcore.dll
0x00007ffe0a610000 - 0x00007ffe0a61a000 	C:\Program Files\Microsoft\jdk-17\bin\jimage.dll
0x00007ffe52aa0000 - 0x00007ffe52ce2000 	C:\WINDOWS\SYSTEM32\DBGHELP.DLL
0x00007ffe62800000 - 0x00007ffe62b86000 	C:\WINDOWS\System32\combase.dll
0x00007ffe622a0000 - 0x00007ffe62377000 	C:\WINDOWS\System32\OLEAUT32.dll
0x00007ffe29f80000 - 0x00007ffe29fbb000 	C:\WINDOWS\SYSTEM32\dbgcore.DLL
0x00007ffe5f990000 - 0x00007ffe5fa35000 	C:\WINDOWS\System32\bcryptPrimitives.dll
0x00007ffe0a5c0000 - 0x00007ffe0a5cf000 	C:\Program Files\Microsoft\jdk-17\bin\instrument.dll
0x00007ffdd3eb0000 - 0x00007ffdd3ed6000 	C:\Program Files\Microsoft\jdk-17\bin\java.dll
0x00007ffdada40000 - 0x00007ffdadb16000 	C:\Program Files\Microsoft\jdk-17\bin\jsvml.dll
0x00007ffe61320000 - 0x00007ffe61a71000 	C:\WINDOWS\System32\SHELL32.dll
0x00007ffe5fb70000 - 0x00007ffe5fcda000 	C:\WINDOWS\System32\wintypes.dll
0x00007ffe60110000 - 0x00007ffe60972000 	C:\WINDOWS\System32\windows.storage.dll
0x00007ffe62d50000 - 0x00007ffe62e46000 	C:\WINDOWS\System32\SHCORE.dll
0x00007ffe62ce0000 - 0x00007ffe62d47000 	C:\WINDOWS\System32\shlwapi.dll
0x00007ffe5f760000 - 0x00007ffe5f789000 	C:\WINDOWS\SYSTEM32\profapi.dll
0x00007ffdd6410000 - 0x00007ffdd6428000 	C:\Program Files\Microsoft\jdk-17\bin\zip.dll
0x00007ffdd5d80000 - 0x00007ffdd5d9b000 	C:\Program Files\Microsoft\jdk-17\bin\net.dll
0x00007ffe582d0000 - 0x00007ffe583f7000 	C:\WINDOWS\SYSTEM32\WINHTTP.dll
0x00007ffe5eb60000 - 0x00007ffe5ebcb000 	C:\WINDOWS\system32\mswsock.dll
0x00007ffdd4320000 - 0x00007ffdd4336000 	C:\Program Files\Microsoft\jdk-17\bin\nio.dll
0x00007ffe09260000 - 0x00007ffe09270000 	C:\Program Files\Microsoft\jdk-17\bin\verify.dll
0x00007ffe4abf0000 - 0x00007ffe4ac17000 	C:\Users\samudu\.gradle\native\1def1411415f61bf3af743bc5b6707747c0891f09f0c88961ee8f79bc544acac\windows-amd64\native-platform.dll
0x00007ffdd7040000 - 0x00007ffdd70b7000 	C:\Users\samudu\.gradle\native\0.2.8\x86_64-windows-gnu\gradle-fileevents.dll
0x00007ffe08860000 - 0x00007ffe0886a000 	C:\Program Files\Microsoft\jdk-17\bin\management.dll
0x00007ffe06680000 - 0x00007ffe0668c000 	C:\Program Files\Microsoft\jdk-17\bin\management_ext.dll
0x00007ffe62290000 - 0x00007ffe62298000 	C:\WINDOWS\System32\PSAPI.DLL
0x00007ffe5dff0000 - 0x00007ffe5e024000 	C:\WINDOWS\SYSTEM32\IPHLPAPI.DLL
0x00007ffe61fa0000 - 0x00007ffe61faa000 	C:\WINDOWS\System32\NSI.dll
0x00007ffe57d70000 - 0x00007ffe57d8e000 	C:\WINDOWS\SYSTEM32\dhcpcsvc6.DLL
0x00007ffe57e90000 - 0x00007ffe57eb3000 	C:\WINDOWS\SYSTEM32\dhcpcsvc.DLL
0x00007ffe5e080000 - 0x00007ffe5e1ac000 	C:\WINDOWS\SYSTEM32\DNSAPI.dll
0x00007ffe05780000 - 0x00007ffe05789000 	C:\Program Files\Microsoft\jdk-17\bin\extnet.dll
0x00007ffe5ee30000 - 0x00007ffe5ee4b000 	C:\WINDOWS\SYSTEM32\CRYPTSP.dll
0x00007ffe5e550000 - 0x00007ffe5e589000 	C:\WINDOWS\system32\rsaenh.dll
0x00007ffe5ec10000 - 0x00007ffe5ec3b000 	C:\WINDOWS\SYSTEM32\USERENV.dll
0x00007ffe5f730000 - 0x00007ffe5f75a000 	C:\WINDOWS\SYSTEM32\bcrypt.dll
0x00007ffe5ee20000 - 0x00007ffe5ee2c000 	C:\WINDOWS\SYSTEM32\CRYPTBASE.dll
0x00007ffe036b0000 - 0x00007ffe036be000 	C:\Program Files\Microsoft\jdk-17\bin\sunmscapi.dll
0x00007ffe60b80000 - 0x00007ffe60cf7000 	C:\WINDOWS\System32\CRYPT32.dll
0x00007ffe5f040000 - 0x00007ffe5f070000 	C:\WINDOWS\SYSTEM32\ncrypt.dll
0x00007ffe5eff0000 - 0x00007ffe5f02f000 	C:\WINDOWS\SYSTEM32\NTASN1.dll
0x00007ffd84990000 - 0x00007ffd84998000 	C:\WINDOWS\system32\wshunix.dll

dbghelp: loaded successfully - version: 4.0.5 - missing functions: none
symbol engine: initialized successfully - sym options: 0x614 - pdb path: .;C:\Program Files\Microsoft\jdk-17\bin;C:\WINDOWS\SYSTEM32;C:\WINDOWS\WinSxS\amd64_microsoft.windows.common-controls_6595b64144ccf1df_6.0.26100.7705_none_3e06597ae3363b04;C:\Program Files\Microsoft\jdk-17\bin\server;C:\Users\samudu\.gradle\native\1def1411415f61bf3af743bc5b6707747c0891f09f0c88961ee8f79bc544acac\windows-amd64;C:\Users\samudu\.gradle\native\0.2.8\x86_64-windows-gnu

VM Arguments:
jvm_args: --add-opens=java.base/java.lang=ALL-UNNAMED --add-opens=java.base/java.lang.invoke=ALL-UNNAMED --add-opens=java.base/java.util=ALL-UNNAMED --add-opens=java.prefs/java.util.prefs=ALL-UNNAMED --add-exports=jdk.compiler/com.sun.tools.javac.api=ALL-UNNAMED --add-exports=jdk.compiler/com.sun.tools.javac.util=ALL-UNNAMED --add-opens=java.base/java.util=ALL-UNNAMED --add-opens=java.prefs/java.util.prefs=ALL-UNNAMED --add-opens=java.base/java.nio.charset=ALL-UNNAMED --add-opens=java.base/java.net=ALL-UNNAMED --add-opens=java.base/java.util.concurrent=ALL-UNNAMED --add-opens=java.base/java.util.concurrent.atomic=ALL-UNNAMED --add-opens=java.xml/javax.xml.namespace=ALL-UNNAMED --add-opens=java.base/java.time=ALL-UNNAMED -Xmx2048m -Dfile.encoding=UTF-8 -Duser.country=US -Duser.language=en -Duser.variant -javaagent:C:\Users\samudu\.gradle\wrapper\dists\gradle-9.1.0-bin\9agqghryom9wkf8r80qlhnts3\gradle-9.1.0\lib\agents\gradle-instrumentation-agent-9.1.0.jar 
java_command: org.gradle.launcher.daemon.bootstrap.GradleDaemon 9.1.0
java_class_path (initial): C:\Users\samudu\.gradle\wrapper\dists\gradle-9.1.0-bin\9agqghryom9wkf8r80qlhnts3\gradle-9.1.0\lib\gradle-daemon-main-9.1.0.jar
Launcher Type: SUN_STANDARD

[Global flags]
     intx CICompilerCount                          = 4                                         {product} {ergonomic}
     uint ConcGCThreads                            = 2                                         {product} {ergonomic}
     uint G1ConcRefinementThreads                  = 8                                         {product} {ergonomic}
   size_t G1HeapRegionSize                         = 1048576                                   {product} {ergonomic}
    uintx GCDrainStackTargetSize                   = 64                                        {product} {ergonomic}
   size_t InitialHeapSize                          = 132120576                                 {product} {ergonomic}
   size_t MarkStackSize                            = 4194304                                   {product} {ergonomic}
   size_t MaxHeapSize                              = 2147483648                                {product} {command line}
   size_t MaxNewSize                               = 1287651328                                {product} {ergonomic}
   size_t MinHeapDeltaBytes                        = 1048576                                   {product} {ergonomic}
   size_t MinHeapSize                              = 8388608                                   {product} {ergonomic}
    uintx NonNMethodCodeHeapSize                   = 5839372                                {pd product} {ergonomic}
    uintx NonProfiledCodeHeapSize                  = 122909434                              {pd product} {ergonomic}
    uintx ProfiledCodeHeapSize                     = 122909434                              {pd product} {ergonomic}
    uintx ReservedCodeCacheSize                    = 251658240                              {pd product} {ergonomic}
     bool SegmentedCodeCache                       = true                                      {product} {ergonomic}
   size_t SoftMaxHeapSize                          = 2147483648                             {manageable} {ergonomic}
     bool UseCompressedClassPointers               = true                           {product lp64_product} {ergonomic}
     bool UseCompressedOops                        = true                           {product lp64_product} {ergonomic}
     bool UseG1GC                                  = true                                      {product} {ergonomic}
     bool UseLargePagesIndividualAllocation        = false                                  {pd product} {ergonomic}

Logging:
Log output configuration:
 #0: stdout all=warning uptime,level,tags
 #1: stderr all=off uptime,level,tags

Environment Variables:
JAVA_HOME=C:\Program Files\Adoptium\jdk-17.0.9.1-hotspot
PATH=C:\WINDOWS\system32;C:\WINDOWS;C:\WINDOWS\System32\Wbem;C:\WINDOWS\System32\WindowsPowerShell\v1.0\
;C:\Program Files\Git\bin;C:\Program Files\Git\cmd;C:\Windows\System32\OpenSSH;C:\db_home\bin;C:\WINDOWS\System32\WindowsPowerShell\v1.0\;C:\src\flutter\flutter\bin;C:\Program Files\nodejs\;C:\Program Files\Microsoft\jdk-17\bin;C:\Program Files\Microsoft SQL Server\Client SDK\ODBC\170\Tools\Binn\;C:\Program Files\Microsoft SQL Server\160\DTS\Binn\;C:\Program Files\NVIDIA Corporation\NVIDIA App\NvDLISR;C:\WINDOWS\system32;C:\WINDOWS;C:\WINDOWS\System32\Wbem;C:\WINDOWS\System32\WindowsPowerShell\v1.0\
;C:\Program Files\Git\bin;C:\Program Files\Git\cmd;C:\Windows\System32\OpenSSH;C:\db_home\bin;C:\WINDOWS\System32\WindowsPowerShell\v1.0\;C:\src\flutter\flutter\bin;C:\Program Files\nodejs\;C:\Program Files\Microsoft\jdk-17\bin;C:\Program Files\Microsoft SQL Server\Client SDK\ODBC\170\Tools\Binn\;C:\Program Files\Microsoft SQL Server\160\DTS\Binn\;C:\Program Files\NVIDIA Corporation\NVIDIA App\NvDLISR;C:\Users\samudu\AppData\Local\Android\Sdk\cmdline-tools\latest\bin;C:\Users\samudu\AppData\Local\Android\Sdk\platform-tools;C:\Users\samudu\AppData\Local\Programs\Microsoft VS Code\bin
USERNAME=samudu
OS=Windows_NT
PROCESSOR_IDENTIFIER=Intel64 Family 6 Model 158 Stepping 13, GenuineIntel
TMP=C:\Users\samudu\AppData\Local\Temp
TEMP=C:\Users\samudu\AppData\Local\Temp



Periodic native trim disabled


---------------  S Y S T E M  ---------------

OS:
 Windows 11 , 64 bit Build 26100 (10.0.26100.7705)
OS uptime: 0 days 1:53 hours
Hyper-V role detected

CPU: total 8 (initial active 8) (4 cores per cpu, 2 threads per core) family 6 model 158 stepping 13 microcode 0xde, cx8, cmov, fxsr, ht, mmx, 3dnowpref, sse, sse2, sse3, ssse3, sse4.1, sse4.2, popcnt, lzcnt, tsc, tscinvbit, avx, avx2, aes, erms, clmul, bmi1, bmi2, adx, fma, vzeroupper, clflush, clflushopt, hv
Processor Information for the first 8 processors :
  Max Mhz: 2401, Current Mhz: 2400, Mhz Limit: 2376

Memory: 4k page, system-wide physical 8036M (569M free)
TotalPageFile size 24420M (AvailPageFile size 10M)
current process WorkingSet (physical memory assigned to process): 341M, peak: 343M
current process commit charge ("private bytes"): 382M, peak: 382M

vm_info: OpenJDK 64-Bit Server VM (17.0.17+10-LTS) for windows-amd64 JRE (17.0.17+10-LTS), built on Oct 13 2025 22:19:56 by "MicrosoftCorporation" with unknown MS VC++:1944

END.
